[21-Jul-2025 12:44:56 Europe/Berlin] DEBUG: No se recibio token en verificar.php. Redirigiendo a login.php
[21-Jul-2025 12:44:56 Europe/Berlin] DEBUG: No se recibio token en verificar.php. Redirigiendo a login.php
[21-Jul-2025 12:44:56 Europe/Berlin] DEBUG: No se recibio token en verificar.php. Redirigiendo a login.php
[21-Jul-2025 12:44:56 Europe/Berlin] DEBUG: No se recibio token en verificar.php. Redirigiendo a login.php
[21-Jul-2025 12:44:56 Europe/Berlin] DEBUG: No se recibio token en verificar.php. Redirigiendo a login.php
[21-Jul-2025 12:44:56 Europe/Berlin] DEBUG: No se recibio token en verificar.php. Redirigiendo a login.php
[21-Jul-2025 12:44:56 Europe/Berlin] DEBUG: No se recibio token en verificar.php. Redirigiendo a login.php
[21-Jul-2025 12:44:56 Europe/Berlin] DEBUG: No se recibio token en verificar.php. Redirigiendo a login.php
[21-Jul-2025 12:44:56 Europe/Berlin] DEBUG: No se recibio token en verificar.php. Redirigiendo a login.php
[21-Jul-2025 12:44:56 Europe/Berlin] DEBUG: No se recibio token en verificar.php. Redirigiendo a login.php
[21-Jul-2025 12:44:57 Europe/Berlin] DEBUG: No se recibio token en verificar.php. Redirigiendo a login.php
[21-Jul-2025 12:44:57 Europe/Berlin] DEBUG: No se recibio token en verificar.php. Redirigiendo a login.php
[21-Jul-2025 12:44:57 Europe/Berlin] DEBUG: No se recibio token en verificar.php. Redirigiendo a login.php
[21-Jul-2025 12:44:57 Europe/Berlin] DEBUG: No se recibio token en verificar.php. Redirigiendo a login.php
[21-Jul-2025 12:44:57 Europe/Berlin] DEBUG: No se recibio token en verificar.php. Redirigiendo a login.php
[21-Jul-2025 12:44:57 Europe/Berlin] DEBUG: No se recibio token en verificar.php. Redirigiendo a login.php
[21-Jul-2025 12:44:57 Europe/Berlin] DEBUG: No se recibio token en verificar.php. Redirigiendo a login.php
[21-Jul-2025 12:44:57 Europe/Berlin] DEBUG: No se recibio token en verificar.php. Redirigiendo a login.php
[21-Jul-2025 12:44:58 Europe/Berlin] DEBUG: No se recibio token en verificar.php. Redirigiendo a login.php
[21-Jul-2025 12:44:58 Europe/Berlin] DEBUG: No se recibio token en verificar.php. Redirigiendo a login.php
[21-Jul-2025 12:44:58 Europe/Berlin] DEBUG: No se recibio token en verificar.php. Redirigiendo a login.php
[21-Jul-2025 12:44:58 Europe/Berlin] DEBUG: No se recibio token en verificar.php. Redirigiendo a login.php
[21-Jul-2025 12:44:58 Europe/Berlin] DEBUG: No se recibio token en verificar.php. Redirigiendo a login.php
[21-Jul-2025 12:44:58 Europe/Berlin] DEBUG: No se recibio token en verificar.php. Redirigiendo a login.php
[21-Jul-2025 12:44:58 Europe/Berlin] DEBUG: No se recibio token en verificar.php. Redirigiendo a login.php
[21-Jul-2025 12:44:58 Europe/Berlin] DEBUG: No se recibio token en verificar.php. Redirigiendo a login.php
[21-Jul-2025 12:44:58 Europe/Berlin] DEBUG: No se recibio token en verificar.php. Redirigiendo a login.php
[21-Jul-2025 12:44:59 Europe/Berlin] DEBUG: No se recibio token en verificar.php. Redirigiendo a login.php
[21-Jul-2025 12:44:59 Europe/Berlin] DEBUG: No se recibio token en verificar.php. Redirigiendo a login.php
[21-Jul-2025 12:44:59 Europe/Berlin] DEBUG: No se recibio token en verificar.php. Redirigiendo a login.php
[21-Jul-2025 12:45:00 Europe/Berlin] DEBUG: No se recibio token en verificar.php. Redirigiendo a login.php
[21-Jul-2025 12:45:00 Europe/Berlin] DEBUG: No se recibio token en verificar.php. Redirigiendo a login.php
[21-Jul-2025 12:45:00 Europe/Berlin] DEBUG: No se recibio token en verificar.php. Redirigiendo a login.php
[21-Jul-2025 12:45:00 Europe/Berlin] DEBUG: No se recibio token en verificar.php. Redirigiendo a login.php
[21-Jul-2025 12:45:00 Europe/Berlin] DEBUG: No se recibio token en verificar.php. Redirigiendo a login.php
[21-Jul-2025 12:45:00 Europe/Berlin] DEBUG: No se recibio token en verificar.php. Redirigiendo a login.php
[21-Jul-2025 12:45:01 Europe/Berlin] DEBUG: No se recibio token en verificar.php. Redirigiendo a login.php
[21-Jul-2025 12:45:01 Europe/Berlin] DEBUG: No se recibio token en verificar.php. Redirigiendo a login.php
[21-Jul-2025 12:45:01 Europe/Berlin] DEBUG: No se recibio token en verificar.php. Redirigiendo a login.php
[21-Jul-2025 12:45:01 Europe/Berlin] DEBUG: No se recibio token en verificar.php. Redirigiendo a login.php
[21-Jul-2025 12:45:01 Europe/Berlin] DEBUG: No se recibio token en verificar.php. Redirigiendo a login.php
[21-Jul-2025 12:45:01 Europe/Berlin] DEBUG: No se recibio token en verificar.php. Redirigiendo a login.php
[21-Jul-2025 12:45:01 Europe/Berlin] DEBUG: No se recibio token en verificar.php. Redirigiendo a login.php
[21-Jul-2025 12:45:01 Europe/Berlin] DEBUG: No se recibio token en verificar.php. Redirigiendo a login.php
[21-Jul-2025 12:45:02 Europe/Berlin] DEBUG: No se recibio token en verificar.php. Redirigiendo a login.php
[21-Jul-2025 12:45:02 Europe/Berlin] DEBUG: No se recibio token en verificar.php. Redirigiendo a login.php
[21-Jul-2025 12:45:02 Europe/Berlin] DEBUG: No se recibio token en verificar.php. Redirigiendo a login.php
[21-Jul-2025 12:45:02 Europe/Berlin] DEBUG: No se recibio token en verificar.php. Redirigiendo a login.php
[21-Jul-2025 12:45:02 Europe/Berlin] DEBUG: No se recibio token en verificar.php. Redirigiendo a login.php
[21-Jul-2025 12:45:02 Europe/Berlin] DEBUG: No se recibio token en verificar.php. Redirigiendo a login.php
[21-Jul-2025 12:45:07 Europe/Berlin] DEBUG: No se recibio token en verificar.php. Redirigiendo a login.php
[21-Jul-2025 12:45:07 Europe/Berlin] DEBUG: No se recibio token en verificar.php. Redirigiendo a login.php
[21-Jul-2025 12:45:08 Europe/Berlin] DEBUG: No se recibio token en verificar.php. Redirigiendo a login.php
[21-Jul-2025 12:45:08 Europe/Berlin] DEBUG: No se recibio token en verificar.php. Redirigiendo a login.php
[21-Jul-2025 12:45:08 Europe/Berlin] DEBUG: No se recibio token en verificar.php. Redirigiendo a login.php
[21-Jul-2025 12:45:08 Europe/Berlin] DEBUG: No se recibio token en verificar.php. Redirigiendo a login.php
[21-Jul-2025 12:45:08 Europe/Berlin] DEBUG: No se recibio token en verificar.php. Redirigiendo a login.php
[21-Jul-2025 12:45:08 Europe/Berlin] DEBUG: No se recibio token en verificar.php. Redirigiendo a login.php
[21-Jul-2025 12:45:08 Europe/Berlin] DEBUG: No se recibio token en verificar.php. Redirigiendo a login.php
[21-Jul-2025 12:45:08 Europe/Berlin] DEBUG: No se recibio token en verificar.php. Redirigiendo a login.php
[21-Jul-2025 12:45:08 Europe/Berlin] DEBUG: No se recibio token en verificar.php. Redirigiendo a login.php
[21-Jul-2025 12:45:09 Europe/Berlin] DEBUG: No se recibio token en verificar.php. Redirigiendo a login.php
[21-Jul-2025 12:45:09 Europe/Berlin] DEBUG: No se recibio token en verificar.php. Redirigiendo a login.php
[21-Jul-2025 12:45:09 Europe/Berlin] DEBUG: No se recibio token en verificar.php. Redirigiendo a login.php
[21-Jul-2025 12:45:09 Europe/Berlin] DEBUG: No se recibio token en verificar.php. Redirigiendo a login.php
[21-Jul-2025 12:45:09 Europe/Berlin] DEBUG: No se recibio token en verificar.php. Redirigiendo a login.php
[21-Jul-2025 12:45:09 Europe/Berlin] DEBUG: No se recibio token en verificar.php. Redirigiendo a login.php
[21-Jul-2025 12:45:09 Europe/Berlin] DEBUG: No se recibio token en verificar.php. Redirigiendo a login.php
[21-Jul-2025 12:45:09 Europe/Berlin] DEBUG: No se recibio token en verificar.php. Redirigiendo a login.php
[21-Jul-2025 12:45:09 Europe/Berlin] DEBUG: No se recibio token en verificar.php. Redirigiendo a login.php
[21-Jul-2025 12:45:40 Europe/Berlin] DEBUG: No se recibio token en verificar.php. Redirigiendo a login.php
[21-Jul-2025 12:45:40 Europe/Berlin] DEBUG: No se recibio token en verificar.php. Redirigiendo a login.php
[21-Jul-2025 12:45:40 Europe/Berlin] DEBUG: No se recibio token en verificar.php. Redirigiendo a login.php
[21-Jul-2025 12:45:40 Europe/Berlin] DEBUG: No se recibio token en verificar.php. Redirigiendo a login.php
[21-Jul-2025 12:45:40 Europe/Berlin] DEBUG: No se recibio token en verificar.php. Redirigiendo a login.php
[21-Jul-2025 12:45:40 Europe/Berlin] DEBUG: No se recibio token en verificar.php. Redirigiendo a login.php
[21-Jul-2025 12:45:40 Europe/Berlin] DEBUG: No se recibio token en verificar.php. Redirigiendo a login.php
[21-Jul-2025 12:45:40 Europe/Berlin] DEBUG: No se recibio token en verificar.php. Redirigiendo a login.php
[21-Jul-2025 12:45:40 Europe/Berlin] DEBUG: No se recibio token en verificar.php. Redirigiendo a login.php
[21-Jul-2025 12:45:41 Europe/Berlin] DEBUG: No se recibio token en verificar.php. Redirigiendo a login.php
[21-Jul-2025 12:45:41 Europe/Berlin] DEBUG: No se recibio token en verificar.php. Redirigiendo a login.php
[21-Jul-2025 12:45:41 Europe/Berlin] DEBUG: No se recibio token en verificar.php. Redirigiendo a login.php
[21-Jul-2025 12:45:41 Europe/Berlin] DEBUG: No se recibio token en verificar.php. Redirigiendo a login.php
[21-Jul-2025 12:45:41 Europe/Berlin] DEBUG: No se recibio token en verificar.php. Redirigiendo a login.php
[21-Jul-2025 12:45:41 Europe/Berlin] DEBUG: No se recibio token en verificar.php. Redirigiendo a login.php
[21-Jul-2025 12:45:41 Europe/Berlin] DEBUG: No se recibio token en verificar.php. Redirigiendo a login.php
[21-Jul-2025 12:45:41 Europe/Berlin] DEBUG: No se recibio token en verificar.php. Redirigiendo a login.php
[21-Jul-2025 12:45:41 Europe/Berlin] DEBUG: No se recibio token en verificar.php. Redirigiendo a login.php
[21-Jul-2025 12:45:42 Europe/Berlin] DEBUG: No se recibio token en verificar.php. Redirigiendo a login.php
[21-Jul-2025 12:45:42 Europe/Berlin] DEBUG: No se recibio token en verificar.php. Redirigiendo a login.php
[21-Jul-2025 12:50:21 Europe/Berlin] PHP Fatal error:  Uncaught mysqli_sql_exception: Table 'dbs14399138.likes' doesn't exist in /homepages/21/d4299135752/htdocs/laura/data/trabajoDB.php:268
Stack trace:
#0 /homepages/21/d4299135752/htdocs/laura/data/trabajoDB.php(268): mysqli->prepare()
#1 /homepages/21/d4299135752/htdocs/laura/index.php(99): TrabajoDB->getProyectosUsuario()
#2 {main}
  thrown in /homepages/21/d4299135752/htdocs/laura/data/trabajoDB.php on line 268
[21-Jul-2025 12:50:22 Europe/Berlin] PHP Fatal error:  Uncaught mysqli_sql_exception: Table 'dbs14399138.likes' doesn't exist in /homepages/21/d4299135752/htdocs/laura/data/trabajoDB.php:268
Stack trace:
#0 /homepages/21/d4299135752/htdocs/laura/data/trabajoDB.php(268): mysqli->prepare()
#1 /homepages/21/d4299135752/htdocs/laura/index.php(99): TrabajoDB->getProyectosUsuario()
#2 {main}
  thrown in /homepages/21/d4299135752/htdocs/laura/data/trabajoDB.php on line 268
[21-Jul-2025 12:50:23 Europe/Berlin] PHP Fatal error:  Uncaught mysqli_sql_exception: Table 'dbs14399138.likes' doesn't exist in /homepages/21/d4299135752/htdocs/laura/data/trabajoDB.php:268
Stack trace:
#0 /homepages/21/d4299135752/htdocs/laura/data/trabajoDB.php(268): mysqli->prepare()
#1 /homepages/21/d4299135752/htdocs/laura/index.php(99): TrabajoDB->getProyectosUsuario()
#2 {main}
  thrown in /homepages/21/d4299135752/htdocs/laura/data/trabajoDB.php on line 268
[21-Jul-2025 12:50:23 Europe/Berlin] PHP Fatal error:  Uncaught mysqli_sql_exception: Table 'dbs14399138.likes' doesn't exist in /homepages/21/d4299135752/htdocs/laura/data/trabajoDB.php:268
Stack trace:
#0 /homepages/21/d4299135752/htdocs/laura/data/trabajoDB.php(268): mysqli->prepare()
#1 /homepages/21/d4299135752/htdocs/laura/index.php(99): TrabajoDB->getProyectosUsuario()
#2 {main}
  thrown in /homepages/21/d4299135752/htdocs/laura/data/trabajoDB.php on line 268
[21-Jul-2025 12:50:24 Europe/Berlin] PHP Fatal error:  Uncaught mysqli_sql_exception: Table 'dbs14399138.likes' doesn't exist in /homepages/21/d4299135752/htdocs/laura/data/trabajoDB.php:268
Stack trace:
#0 /homepages/21/d4299135752/htdocs/laura/data/trabajoDB.php(268): mysqli->prepare()
#1 /homepages/21/d4299135752/htdocs/laura/index.php(99): TrabajoDB->getProyectosUsuario()
#2 {main}
  thrown in /homepages/21/d4299135752/htdocs/laura/data/trabajoDB.php on line 268
[21-Jul-2025 12:50:24 Europe/Berlin] PHP Fatal error:  Uncaught mysqli_sql_exception: Table 'dbs14399138.likes' doesn't exist in /homepages/21/d4299135752/htdocs/laura/data/trabajoDB.php:268
Stack trace:
#0 /homepages/21/d4299135752/htdocs/laura/data/trabajoDB.php(268): mysqli->prepare()
#1 /homepages/21/d4299135752/htdocs/laura/index.php(99): TrabajoDB->getProyectosUsuario()
#2 {main}
  thrown in /homepages/21/d4299135752/htdocs/laura/data/trabajoDB.php on line 268
[21-Jul-2025 12:50:25 Europe/Berlin] PHP Fatal error:  Uncaught mysqli_sql_exception: Table 'dbs14399138.likes' doesn't exist in /homepages/21/d4299135752/htdocs/laura/data/trabajoDB.php:268
Stack trace:
#0 /homepages/21/d4299135752/htdocs/laura/data/trabajoDB.php(268): mysqli->prepare()
#1 /homepages/21/d4299135752/htdocs/laura/index.php(99): TrabajoDB->getProyectosUsuario()
#2 {main}
  thrown in /homepages/21/d4299135752/htdocs/laura/data/trabajoDB.php on line 268
[21-Jul-2025 12:50:29 Europe/Berlin] PHP Fatal error:  Uncaught mysqli_sql_exception: Table 'dbs14399138.likes' doesn't exist in /homepages/21/d4299135752/htdocs/laura/data/trabajoDB.php:268
Stack trace:
#0 /homepages/21/d4299135752/htdocs/laura/data/trabajoDB.php(268): mysqli->prepare()
#1 /homepages/21/d4299135752/htdocs/laura/index.php(99): TrabajoDB->getProyectosUsuario()
#2 {main}
  thrown in /homepages/21/d4299135752/htdocs/laura/data/trabajoDB.php on line 268
[21-Jul-2025 12:50:31 Europe/Berlin] PHP Fatal error:  Uncaught mysqli_sql_exception: Table 'dbs14399138.likes' doesn't exist in /homepages/21/d4299135752/htdocs/laura/data/trabajoDB.php:268
Stack trace:
#0 /homepages/21/d4299135752/htdocs/laura/data/trabajoDB.php(268): mysqli->prepare()
#1 /homepages/21/d4299135752/htdocs/laura/index.php(99): TrabajoDB->getProyectosUsuario()
#2 {main}
  thrown in /homepages/21/d4299135752/htdocs/laura/data/trabajoDB.php on line 268
[21-Jul-2025 12:50:38 Europe/Berlin] PHP Fatal error:  Uncaught mysqli_sql_exception: Table 'dbs14399138.likes' doesn't exist in /homepages/21/d4299135752/htdocs/laura/data/trabajoDB.php:268
Stack trace:
#0 /homepages/21/d4299135752/htdocs/laura/data/trabajoDB.php(268): mysqli->prepare()
#1 /homepages/21/d4299135752/htdocs/laura/index.php(99): TrabajoDB->getProyectosUsuario()
#2 {main}
  thrown in /homepages/21/d4299135752/htdocs/laura/data/trabajoDB.php on line 268
[21-Jul-2025 12:51:18 Europe/Berlin] DEBUG: No se recibio token en verificar.php. Redirigiendo a login.php
[21-Jul-2025 12:51:18 Europe/Berlin] DEBUG: No se recibio token en verificar.php. Redirigiendo a login.php
[21-Jul-2025 12:51:18 Europe/Berlin] DEBUG: No se recibio token en verificar.php. Redirigiendo a login.php
[21-Jul-2025 12:51:18 Europe/Berlin] DEBUG: No se recibio token en verificar.php. Redirigiendo a login.php
[21-Jul-2025 12:51:18 Europe/Berlin] DEBUG: No se recibio token en verificar.php. Redirigiendo a login.php
[21-Jul-2025 12:51:19 Europe/Berlin] DEBUG: No se recibio token en verificar.php. Redirigiendo a login.php
[21-Jul-2025 12:51:19 Europe/Berlin] DEBUG: No se recibio token en verificar.php. Redirigiendo a login.php
[21-Jul-2025 12:51:19 Europe/Berlin] DEBUG: No se recibio token en verificar.php. Redirigiendo a login.php
[21-Jul-2025 12:51:19 Europe/Berlin] DEBUG: No se recibio token en verificar.php. Redirigiendo a login.php
[21-Jul-2025 12:51:19 Europe/Berlin] DEBUG: No se recibio token en verificar.php. Redirigiendo a login.php
[21-Jul-2025 12:51:19 Europe/Berlin] DEBUG: No se recibio token en verificar.php. Redirigiendo a login.php
[21-Jul-2025 12:51:19 Europe/Berlin] DEBUG: No se recibio token en verificar.php. Redirigiendo a login.php
[21-Jul-2025 12:51:19 Europe/Berlin] DEBUG: No se recibio token en verificar.php. Redirigiendo a login.php
[21-Jul-2025 12:51:19 Europe/Berlin] DEBUG: No se recibio token en verificar.php. Redirigiendo a login.php
[21-Jul-2025 12:51:19 Europe/Berlin] DEBUG: No se recibio token en verificar.php. Redirigiendo a login.php
[21-Jul-2025 12:51:20 Europe/Berlin] DEBUG: No se recibio token en verificar.php. Redirigiendo a login.php
[21-Jul-2025 12:51:20 Europe/Berlin] DEBUG: No se recibio token en verificar.php. Redirigiendo a login.php
[21-Jul-2025 12:51:20 Europe/Berlin] DEBUG: No se recibio token en verificar.php. Redirigiendo a login.php
[21-Jul-2025 12:51:20 Europe/Berlin] DEBUG: No se recibio token en verificar.php. Redirigiendo a login.php
[21-Jul-2025 12:51:20 Europe/Berlin] DEBUG: No se recibio token en verificar.php. Redirigiendo a login.php
[21-Jul-2025 12:52:09 Europe/Berlin] PHP Fatal error:  Uncaught mysqli_sql_exception: Table 'dbs14399138.likes' doesn't exist in /homepages/21/d4299135752/htdocs/laura/data/trabajoDB.php:268
Stack trace:
#0 /homepages/21/d4299135752/htdocs/laura/data/trabajoDB.php(268): mysqli->prepare()
#1 /homepages/21/d4299135752/htdocs/laura/index.php(99): TrabajoDB->getProyectosUsuario()
#2 {main}
  thrown in /homepages/21/d4299135752/htdocs/laura/data/trabajoDB.php on line 268
[21-Jul-2025 12:52:49 Europe/Berlin] PHP Fatal error:  Uncaught mysqli_sql_exception: Table 'dbs14399138.likes' doesn't exist in /homepages/21/d4299135752/htdocs/laura/data/trabajoDB.php:268
Stack trace:
#0 /homepages/21/d4299135752/htdocs/laura/data/trabajoDB.php(268): mysqli->prepare()
#1 /homepages/21/d4299135752/htdocs/laura/index.php(99): TrabajoDB->getProyectosUsuario()
#2 {main}
  thrown in /homepages/21/d4299135752/htdocs/laura/data/trabajoDB.php on line 268
[21-Jul-2025 12:53:11 Europe/Berlin] PHP Fatal error:  Uncaught mysqli_sql_exception: Table 'dbs14399138.likes' doesn't exist in /homepages/21/d4299135752/htdocs/laura/data/trabajoDB.php:268
Stack trace:
#0 /homepages/21/d4299135752/htdocs/laura/data/trabajoDB.php(268): mysqli->prepare()
#1 /homepages/21/d4299135752/htdocs/laura/index.php(99): TrabajoDB->getProyectosUsuario()
#2 {main}
  thrown in /homepages/21/d4299135752/htdocs/laura/data/trabajoDB.php on line 268
[21-Jul-2025 12:53:32 Europe/Berlin] PHP Fatal error:  Uncaught mysqli_sql_exception: Table 'dbs14399138.likes' doesn't exist in /homepages/21/d4299135752/htdocs/laura/data/trabajoDB.php:268
Stack trace:
#0 /homepages/21/d4299135752/htdocs/laura/data/trabajoDB.php(268): mysqli->prepare()
#1 /homepages/21/d4299135752/htdocs/laura/index.php(99): TrabajoDB->getProyectosUsuario()
#2 {main}
  thrown in /homepages/21/d4299135752/htdocs/laura/data/trabajoDB.php on line 268
[21-Jul-2025 12:54:15 Europe/Berlin] PHP Fatal error:  Uncaught mysqli_sql_exception: Table 'dbs14399138.likes' doesn't exist in /homepages/21/d4299135752/htdocs/laura/data/trabajoDB.php:268
Stack trace:
#0 /homepages/21/d4299135752/htdocs/laura/data/trabajoDB.php(268): mysqli->prepare()
#1 /homepages/21/d4299135752/htdocs/laura/index.php(99): TrabajoDB->getProyectosUsuario()
#2 {main}
  thrown in /homepages/21/d4299135752/htdocs/laura/data/trabajoDB.php on line 268
[21-Jul-2025 12:59:45 Europe/Berlin] DEBUG: Token recibido en verificar.php: 3cd47560714c9530b6f602712de96f28dbb8e57bc529c1e94e3d3698d64c3b41
[21-Jul-2025 12:59:45 Europe/Berlin] DEBUG: Resultado de verificacion de token: Array
(
    [success] => 1
    [mensaje] => Tu cuenta ha sido verificada. Ahora puedes iniciar sesión
)

[21-Jul-2025 12:59:54 Europe/Berlin] DEBUG: Token recibido en verificar.php: 3cd47560714c9530b6f602712de96f28dbb8e57bc529c1e94e3d3698d64c3b41
[21-Jul-2025 12:59:54 Europe/Berlin] DEBUG: Resultado de verificacion de token: Array
(
    [success] => 
    [mensaje] => Token no válido
)

[21-Jul-2025 13:06:52 Europe/Berlin] DEBUG: Token recibido en verificar.php: 3cd47560714c9530b6f602712de96f28dbb8e57bc529c1e94e3d3698d64c3b41
[21-Jul-2025 13:06:52 Europe/Berlin] DEBUG: Resultado de verificacion de token: Array
(
    [success] => 
    [mensaje] => Token no válido
)

[21-Jul-2025 14:02:59 Europe/Berlin] PHP Fatal error:  Uncaught mysqli_sql_exception: Unknown column 't.usuario_id' in 'where clause' in /homepages/21/d4299135752/htdocs/laura/data/trabajoDB.php:267
Stack trace:
#0 /homepages/21/d4299135752/htdocs/laura/data/trabajoDB.php(267): mysqli->prepare()
#1 /homepages/21/d4299135752/htdocs/laura/index.php(99): TrabajoDB->getProyectosUsuario()
#2 {main}
  thrown in /homepages/21/d4299135752/htdocs/laura/data/trabajoDB.php on line 267
[21-Jul-2025 14:02:59 Europe/Berlin] PHP Fatal error:  Uncaught mysqli_sql_exception: Unknown column 't.usuario_id' in 'where clause' in /homepages/21/d4299135752/htdocs/laura/data/trabajoDB.php:267
Stack trace:
#0 /homepages/21/d4299135752/htdocs/laura/data/trabajoDB.php(267): mysqli->prepare()
#1 /homepages/21/d4299135752/htdocs/laura/index.php(99): TrabajoDB->getProyectosUsuario()
#2 {main}
  thrown in /homepages/21/d4299135752/htdocs/laura/data/trabajoDB.php on line 267
[21-Jul-2025 14:03:04 Europe/Berlin] PHP Fatal error:  Uncaught mysqli_sql_exception: Unknown column 't.usuario_id' in 'where clause' in /homepages/21/d4299135752/htdocs/laura/data/trabajoDB.php:267
Stack trace:
#0 /homepages/21/d4299135752/htdocs/laura/data/trabajoDB.php(267): mysqli->prepare()
#1 /homepages/21/d4299135752/htdocs/laura/index.php(99): TrabajoDB->getProyectosUsuario()
#2 {main}
  thrown in /homepages/21/d4299135752/htdocs/laura/data/trabajoDB.php on line 267
[21-Jul-2025 14:03:38 Europe/Berlin] PHP Fatal error:  Uncaught mysqli_sql_exception: Unknown column 't.usuario_id' in 'where clause' in /homepages/21/d4299135752/htdocs/laura/data/trabajoDB.php:267
Stack trace:
#0 /homepages/21/d4299135752/htdocs/laura/data/trabajoDB.php(267): mysqli->prepare()
#1 /homepages/21/d4299135752/htdocs/laura/index.php(99): TrabajoDB->getProyectosUsuario()
#2 {main}
  thrown in /homepages/21/d4299135752/htdocs/laura/data/trabajoDB.php on line 267
[21-Jul-2025 14:03:38 Europe/Berlin] PHP Fatal error:  Uncaught mysqli_sql_exception: Unknown column 't.usuario_id' in 'where clause' in /homepages/21/d4299135752/htdocs/laura/data/trabajoDB.php:267
Stack trace:
#0 /homepages/21/d4299135752/htdocs/laura/data/trabajoDB.php(267): mysqli->prepare()
#1 /homepages/21/d4299135752/htdocs/laura/index.php(99): TrabajoDB->getProyectosUsuario()
#2 {main}
  thrown in /homepages/21/d4299135752/htdocs/laura/data/trabajoDB.php on line 267
[21-Jul-2025 14:03:39 Europe/Berlin] PHP Fatal error:  Uncaught mysqli_sql_exception: Unknown column 't.usuario_id' in 'where clause' in /homepages/21/d4299135752/htdocs/laura/data/trabajoDB.php:267
Stack trace:
#0 /homepages/21/d4299135752/htdocs/laura/data/trabajoDB.php(267): mysqli->prepare()
#1 /homepages/21/d4299135752/htdocs/laura/index.php(99): TrabajoDB->getProyectosUsuario()
#2 {main}
  thrown in /homepages/21/d4299135752/htdocs/laura/data/trabajoDB.php on line 267
[21-Jul-2025 14:03:40 Europe/Berlin] PHP Fatal error:  Uncaught mysqli_sql_exception: Unknown column 't.usuario_id' in 'where clause' in /homepages/21/d4299135752/htdocs/laura/data/trabajoDB.php:267
Stack trace:
#0 /homepages/21/d4299135752/htdocs/laura/data/trabajoDB.php(267): mysqli->prepare()
#1 /homepages/21/d4299135752/htdocs/laura/index.php(99): TrabajoDB->getProyectosUsuario()
#2 {main}
  thrown in /homepages/21/d4299135752/htdocs/laura/data/trabajoDB.php on line 267
[21-Jul-2025 14:16:02 Europe/Berlin] PHP Fatal error:  Uncaught mysqli_sql_exception: Unknown column 't.usuario_id' in 'where clause' in /homepages/21/d4299135752/htdocs/laura/data/trabajoDB.php:267
Stack trace:
#0 /homepages/21/d4299135752/htdocs/laura/data/trabajoDB.php(267): mysqli->prepare()
#1 /homepages/21/d4299135752/htdocs/laura/index.php(99): TrabajoDB->getProyectosUsuario()
#2 {main}
  thrown in /homepages/21/d4299135752/htdocs/laura/data/trabajoDB.php on line 267
[22-Jul-2025 10:26:51 Europe/Berlin] PHP Fatal error:  Uncaught mysqli_sql_exception: Unknown column 't.usuario_id' in 'where clause' in C:\xampp\htdocs\CREATINET\data\trabajoDB.php:267
Stack trace:
#0 C:\xampp\htdocs\CREATINET\data\trabajoDB.php(267): mysqli->prepare('\n            SE...')
#1 C:\xampp\htdocs\CREATINET\index.php(99): TrabajoDB->getProyectosUsuario(9)
#2 {main}
  thrown in C:\xampp\htdocs\CREATINET\data\trabajoDB.php on line 267
[23-Jul-2025 10:21:56 Europe/Berlin] PHP Warning:  Undefined array key "usuario_nick" in /homepages/21/d4299135752/htdocs/laura/index.php on line 115
[23-Jul-2025 10:21:56 Europe/Berlin] PHP Deprecated:  htmlspecialchars(): Passing null to parameter #1 ($string) of type string is deprecated in /homepages/21/d4299135752/htdocs/laura/index.php on line 115
[23-Jul-2025 10:22:05 Europe/Berlin] PHP Deprecated:  htmlspecialchars(): Passing null to parameter #1 ($string) of type string is deprecated in /homepages/21/d4299135752/htdocs/laura/index.php on line 115
[23-Jul-2025 10:22:09 Europe/Berlin] PHP Deprecated:  htmlspecialchars(): Passing null to parameter #1 ($string) of type string is deprecated in /homepages/21/d4299135752/htdocs/laura/index.php on line 115
[23-Jul-2025 10:23:30 Europe/Berlin] PHP Deprecated:  htmlspecialchars(): Passing null to parameter #1 ($string) of type string is deprecated in /homepages/21/d4299135752/htdocs/laura/index.php on line 115
[23-Jul-2025 10:23:31 Europe/Berlin] PHP Deprecated:  htmlspecialchars(): Passing null to parameter #1 ($string) of type string is deprecated in /homepages/21/d4299135752/htdocs/laura/index.php on line 115
[23-Jul-2025 10:25:45 Europe/Berlin] PHP Deprecated:  htmlspecialchars(): Passing null to parameter #1 ($string) of type string is deprecated in /homepages/21/d4299135752/htdocs/laura/index.php on line 115
[23-Jul-2025 10:25:49 Europe/Berlin] PHP Deprecated:  htmlspecialchars(): Passing null to parameter #1 ($string) of type string is deprecated in /homepages/21/d4299135752/htdocs/laura/index.php on line 115
[23-Jul-2025 10:31:16 Europe/Berlin] PHP Fatal error:  Uncaught mysqli_sql_exception: Table 'dbs14399138.trabajos' doesn't exist in /homepages/21/d4299135752/htdocs/laura/data/ususarioDB.php:491
Stack trace:
#0 /homepages/21/d4299135752/htdocs/laura/data/ususarioDB.php(491): mysqli->prepare()
#1 /homepages/21/d4299135752/htdocs/laura/perfil.php(21): UsuarioDB->getProfileByNick()
#2 {main}
  thrown in /homepages/21/d4299135752/htdocs/laura/data/ususarioDB.php on line 491
[23-Jul-2025 10:32:40 Europe/Berlin] PHP Deprecated:  htmlspecialchars(): Passing null to parameter #1 ($string) of type string is deprecated in /homepages/21/d4299135752/htdocs/laura/index.php on line 115
[23-Jul-2025 10:32:43 Europe/Berlin] PHP Deprecated:  htmlspecialchars(): Passing null to parameter #1 ($string) of type string is deprecated in /homepages/21/d4299135752/htdocs/laura/index.php on line 115
[23-Jul-2025 10:32:51 Europe/Berlin] PHP Deprecated:  htmlspecialchars(): Passing null to parameter #1 ($string) of type string is deprecated in /homepages/21/d4299135752/htdocs/laura/index.php on line 115
[23-Jul-2025 10:33:46 Europe/Berlin] PHP Fatal error:  Uncaught mysqli_sql_exception: Table 'dbs14399138.trabajos' doesn't exist in /homepages/21/d4299135752/htdocs/laura/data/ususarioDB.php:491
Stack trace:
#0 /homepages/21/d4299135752/htdocs/laura/data/ususarioDB.php(491): mysqli->prepare()
#1 /homepages/21/d4299135752/htdocs/laura/perfil.php(21): UsuarioDB->getProfileByNick()
#2 {main}
  thrown in /homepages/21/d4299135752/htdocs/laura/data/ususarioDB.php on line 491
[23-Jul-2025 10:35:32 Europe/Berlin] PHP Deprecated:  htmlspecialchars(): Passing null to parameter #1 ($string) of type string is deprecated in /homepages/21/d4299135752/htdocs/laura/index.php on line 115
[23-Jul-2025 10:36:04 Europe/Berlin] PHP Deprecated:  htmlspecialchars(): Passing null to parameter #1 ($string) of type string is deprecated in /homepages/21/d4299135752/htdocs/laura/index.php on line 115
[23-Jul-2025 10:36:04 Europe/Berlin] PHP Deprecated:  htmlspecialchars(): Passing null to parameter #1 ($string) of type string is deprecated in /homepages/21/d4299135752/htdocs/laura/index.php on line 115
[23-Jul-2025 10:36:04 Europe/Berlin] PHP Deprecated:  htmlspecialchars(): Passing null to parameter #1 ($string) of type string is deprecated in /homepages/21/d4299135752/htdocs/laura/index.php on line 115
[23-Jul-2025 10:36:09 Europe/Berlin] PHP Fatal error:  Uncaught mysqli_sql_exception: Table 'dbs14399138.trabajos' doesn't exist in /homepages/21/d4299135752/htdocs/laura/data/ususarioDB.php:491
Stack trace:
#0 /homepages/21/d4299135752/htdocs/laura/data/ususarioDB.php(491): mysqli->prepare()
#1 /homepages/21/d4299135752/htdocs/laura/perfil.php(21): UsuarioDB->getProfileByNick()
#2 {main}
  thrown in /homepages/21/d4299135752/htdocs/laura/data/ususarioDB.php on line 491
[23-Jul-2025 10:36:25 Europe/Berlin] PHP Deprecated:  htmlspecialchars(): Passing null to parameter #1 ($string) of type string is deprecated in /homepages/21/d4299135752/htdocs/laura/index.php on line 115
[23-Jul-2025 10:39:46 Europe/Berlin] PHP Fatal error:  Uncaught mysqli_sql_exception: Table 'dbs14399138.trabajos' doesn't exist in /homepages/21/d4299135752/htdocs/laura/data/ususarioDB.php:491
Stack trace:
#0 /homepages/21/d4299135752/htdocs/laura/data/ususarioDB.php(491): mysqli->prepare()
#1 /homepages/21/d4299135752/htdocs/laura/perfil.php(21): UsuarioDB->getProfileByNick()
#2 {main}
  thrown in /homepages/21/d4299135752/htdocs/laura/data/ususarioDB.php on line 491
[23-Jul-2025 10:39:49 Europe/Berlin] PHP Deprecated:  htmlspecialchars(): Passing null to parameter #1 ($string) of type string is deprecated in /homepages/21/d4299135752/htdocs/laura/index.php on line 115
[23-Jul-2025 10:40:10 Europe/Berlin] PHP Deprecated:  htmlspecialchars(): Passing null to parameter #1 ($string) of type string is deprecated in /homepages/21/d4299135752/htdocs/laura/index.php on line 115
[23-Jul-2025 10:40:23 Europe/Berlin] PHP Fatal error:  Uncaught mysqli_sql_exception: Table 'dbs14399138.trabajos' doesn't exist in /homepages/21/d4299135752/htdocs/laura/data/ususarioDB.php:491
Stack trace:
#0 /homepages/21/d4299135752/htdocs/laura/data/ususarioDB.php(491): mysqli->prepare()
#1 /homepages/21/d4299135752/htdocs/laura/perfil.php(21): UsuarioDB->getProfileByNick()
#2 {main}
  thrown in /homepages/21/d4299135752/htdocs/laura/data/ususarioDB.php on line 491
[23-Jul-2025 10:41:19 Europe/Berlin] PHP Deprecated:  htmlspecialchars(): Passing null to parameter #1 ($string) of type string is deprecated in /homepages/21/d4299135752/htdocs/laura/index.php on line 115
[23-Jul-2025 10:41:21 Europe/Berlin] PHP Deprecated:  htmlspecialchars(): Passing null to parameter #1 ($string) of type string is deprecated in /homepages/21/d4299135752/htdocs/laura/index.php on line 115
[23-Jul-2025 10:41:23 Europe/Berlin] PHP Deprecated:  htmlspecialchars(): Passing null to parameter #1 ($string) of type string is deprecated in /homepages/21/d4299135752/htdocs/laura/index.php on line 115
[23-Jul-2025 10:42:38 Europe/Berlin] PHP Deprecated:  htmlspecialchars(): Passing null to parameter #1 ($string) of type string is deprecated in /homepages/21/d4299135752/htdocs/laura/index.php on line 115
[23-Jul-2025 10:42:39 Europe/Berlin] PHP Deprecated:  htmlspecialchars(): Passing null to parameter #1 ($string) of type string is deprecated in /homepages/21/d4299135752/htdocs/laura/index.php on line 115
[23-Jul-2025 10:42:39 Europe/Berlin] PHP Deprecated:  htmlspecialchars(): Passing null to parameter #1 ($string) of type string is deprecated in /homepages/21/d4299135752/htdocs/laura/index.php on line 115
[23-Jul-2025 10:42:39 Europe/Berlin] PHP Deprecated:  htmlspecialchars(): Passing null to parameter #1 ($string) of type string is deprecated in /homepages/21/d4299135752/htdocs/laura/index.php on line 115
[23-Jul-2025 10:42:39 Europe/Berlin] PHP Deprecated:  htmlspecialchars(): Passing null to parameter #1 ($string) of type string is deprecated in /homepages/21/d4299135752/htdocs/laura/index.php on line 115
[23-Jul-2025 10:42:40 Europe/Berlin] PHP Deprecated:  htmlspecialchars(): Passing null to parameter #1 ($string) of type string is deprecated in /homepages/21/d4299135752/htdocs/laura/index.php on line 115
[23-Jul-2025 10:42:40 Europe/Berlin] PHP Deprecated:  htmlspecialchars(): Passing null to parameter #1 ($string) of type string is deprecated in /homepages/21/d4299135752/htdocs/laura/index.php on line 115
[23-Jul-2025 10:42:40 Europe/Berlin] PHP Deprecated:  htmlspecialchars(): Passing null to parameter #1 ($string) of type string is deprecated in /homepages/21/d4299135752/htdocs/laura/index.php on line 115
[23-Jul-2025 10:42:40 Europe/Berlin] PHP Deprecated:  htmlspecialchars(): Passing null to parameter #1 ($string) of type string is deprecated in /homepages/21/d4299135752/htdocs/laura/index.php on line 115
[23-Jul-2025 10:42:43 Europe/Berlin] PHP Deprecated:  htmlspecialchars(): Passing null to parameter #1 ($string) of type string is deprecated in /homepages/21/d4299135752/htdocs/laura/index.php on line 115
[23-Jul-2025 10:43:59 Europe/Berlin] PHP Deprecated:  htmlspecialchars(): Passing null to parameter #1 ($string) of type string is deprecated in /homepages/21/d4299135752/htdocs/laura/index.php on line 115
[23-Jul-2025 10:44:00 Europe/Berlin] PHP Deprecated:  htmlspecialchars(): Passing null to parameter #1 ($string) of type string is deprecated in /homepages/21/d4299135752/htdocs/laura/index.php on line 115
[23-Jul-2025 10:44:00 Europe/Berlin] PHP Deprecated:  htmlspecialchars(): Passing null to parameter #1 ($string) of type string is deprecated in /homepages/21/d4299135752/htdocs/laura/index.php on line 115
[23-Jul-2025 10:44:00 Europe/Berlin] PHP Deprecated:  htmlspecialchars(): Passing null to parameter #1 ($string) of type string is deprecated in /homepages/21/d4299135752/htdocs/laura/index.php on line 115
[23-Jul-2025 10:44:01 Europe/Berlin] PHP Deprecated:  htmlspecialchars(): Passing null to parameter #1 ($string) of type string is deprecated in /homepages/21/d4299135752/htdocs/laura/index.php on line 115
[23-Jul-2025 10:44:03 Europe/Berlin] PHP Deprecated:  htmlspecialchars(): Passing null to parameter #1 ($string) of type string is deprecated in /homepages/21/d4299135752/htdocs/laura/index.php on line 115
[23-Jul-2025 10:44:04 Europe/Berlin] PHP Deprecated:  htmlspecialchars(): Passing null to parameter #1 ($string) of type string is deprecated in /homepages/21/d4299135752/htdocs/laura/index.php on line 115
[23-Jul-2025 10:44:05 Europe/Berlin] PHP Deprecated:  htmlspecialchars(): Passing null to parameter #1 ($string) of type string is deprecated in /homepages/21/d4299135752/htdocs/laura/index.php on line 115
[23-Jul-2025 10:45:12 Europe/Berlin] PHP Deprecated:  htmlspecialchars(): Passing null to parameter #1 ($string) of type string is deprecated in /homepages/21/d4299135752/htdocs/laura/index.php on line 115
[23-Jul-2025 10:45:57 Europe/Berlin] PHP Deprecated:  htmlspecialchars(): Passing null to parameter #1 ($string) of type string is deprecated in /homepages/21/d4299135752/htdocs/laura/index.php on line 115
[23-Jul-2025 10:45:57 Europe/Berlin] PHP Deprecated:  htmlspecialchars(): Passing null to parameter #1 ($string) of type string is deprecated in /homepages/21/d4299135752/htdocs/laura/index.php on line 115
[23-Jul-2025 10:46:00 Europe/Berlin] PHP Deprecated:  htmlspecialchars(): Passing null to parameter #1 ($string) of type string is deprecated in /homepages/21/d4299135752/htdocs/laura/index.php on line 115
[23-Jul-2025 10:46:02 Europe/Berlin] PHP Deprecated:  htmlspecialchars(): Passing null to parameter #1 ($string) of type string is deprecated in /homepages/21/d4299135752/htdocs/laura/index.php on line 115
[23-Jul-2025 10:46:08 Europe/Berlin] PHP Deprecated:  htmlspecialchars(): Passing null to parameter #1 ($string) of type string is deprecated in /homepages/21/d4299135752/htdocs/laura/index.php on line 115
[23-Jul-2025 10:47:25 Europe/Berlin] PHP Deprecated:  htmlspecialchars(): Passing null to parameter #1 ($string) of type string is deprecated in /homepages/21/d4299135752/htdocs/laura/index.php on line 115
[23-Jul-2025 10:47:31 Europe/Berlin] PHP Deprecated:  htmlspecialchars(): Passing null to parameter #1 ($string) of type string is deprecated in /homepages/21/d4299135752/htdocs/laura/index.php on line 115
[23-Jul-2025 10:47:35 Europe/Berlin] PHP Fatal error:  Uncaught mysqli_sql_exception: Table 'dbs14399138.trabajos' doesn't exist in /homepages/21/d4299135752/htdocs/laura/data/ususarioDB.php:491
Stack trace:
#0 /homepages/21/d4299135752/htdocs/laura/data/ususarioDB.php(491): mysqli->prepare()
#1 /homepages/21/d4299135752/htdocs/laura/perfil.php(25): UsuarioDB->getProfileByNick()
#2 {main}
  thrown in /homepages/21/d4299135752/htdocs/laura/data/ususarioDB.php on line 491
[23-Jul-2025 10:47:38 Europe/Berlin] PHP Deprecated:  htmlspecialchars(): Passing null to parameter #1 ($string) of type string is deprecated in /homepages/21/d4299135752/htdocs/laura/index.php on line 115
[23-Jul-2025 10:47:40 Europe/Berlin] PHP Deprecated:  htmlspecialchars(): Passing null to parameter #1 ($string) of type string is deprecated in /homepages/21/d4299135752/htdocs/laura/index.php on line 115
[23-Jul-2025 10:47:47 Europe/Berlin] PHP Deprecated:  htmlspecialchars(): Passing null to parameter #1 ($string) of type string is deprecated in /homepages/21/d4299135752/htdocs/laura/index.php on line 115
[23-Jul-2025 10:50:01 Europe/Berlin] PHP Deprecated:  htmlspecialchars(): Passing null to parameter #1 ($string) of type string is deprecated in /homepages/21/d4299135752/htdocs/laura/index.php on line 121
[23-Jul-2025 10:50:02 Europe/Berlin] PHP Deprecated:  htmlspecialchars(): Passing null to parameter #1 ($string) of type string is deprecated in /homepages/21/d4299135752/htdocs/laura/index.php on line 121
[23-Jul-2025 10:50:04 Europe/Berlin] PHP Deprecated:  htmlspecialchars(): Passing null to parameter #1 ($string) of type string is deprecated in /homepages/21/d4299135752/htdocs/laura/index.php on line 121
[23-Jul-2025 10:50:06 Europe/Berlin] PHP Deprecated:  htmlspecialchars(): Passing null to parameter #1 ($string) of type string is deprecated in /homepages/21/d4299135752/htdocs/laura/index.php on line 121
[23-Jul-2025 10:50:18 Europe/Berlin] PHP Deprecated:  htmlspecialchars(): Passing null to parameter #1 ($string) of type string is deprecated in /homepages/21/d4299135752/htdocs/laura/index.php on line 121
[23-Jul-2025 10:50:20 Europe/Berlin] PHP Deprecated:  htmlspecialchars(): Passing null to parameter #1 ($string) of type string is deprecated in /homepages/21/d4299135752/htdocs/laura/index.php on line 121
[23-Jul-2025 10:50:21 Europe/Berlin] PHP Deprecated:  htmlspecialchars(): Passing null to parameter #1 ($string) of type string is deprecated in /homepages/21/d4299135752/htdocs/laura/index.php on line 121
[23-Jul-2025 10:50:27 Europe/Berlin] PHP Deprecated:  htmlspecialchars(): Passing null to parameter #1 ($string) of type string is deprecated in /homepages/21/d4299135752/htdocs/laura/index.php on line 121
[23-Jul-2025 10:50:28 Europe/Berlin] PHP Deprecated:  htmlspecialchars(): Passing null to parameter #1 ($string) of type string is deprecated in /homepages/21/d4299135752/htdocs/laura/index.php on line 121
[23-Jul-2025 10:50:29 Europe/Berlin] PHP Deprecated:  htmlspecialchars(): Passing null to parameter #1 ($string) of type string is deprecated in /homepages/21/d4299135752/htdocs/laura/index.php on line 121
[23-Jul-2025 10:50:30 Europe/Berlin] PHP Deprecated:  htmlspecialchars(): Passing null to parameter #1 ($string) of type string is deprecated in /homepages/21/d4299135752/htdocs/laura/index.php on line 121
[23-Jul-2025 10:50:31 Europe/Berlin] PHP Deprecated:  htmlspecialchars(): Passing null to parameter #1 ($string) of type string is deprecated in /homepages/21/d4299135752/htdocs/laura/index.php on line 121
[23-Jul-2025 10:53:53 Europe/Berlin] DEBUG: Request URI después de basePath: /index.php
[23-Jul-2025 10:53:53 Europe/Berlin] DEBUG: Enrutando a index.php (principal).
[23-Jul-2025 10:53:53 Europe/Berlin] PHP Deprecated:  htmlspecialchars(): Passing null to parameter #1 ($string) of type string is deprecated in /homepages/21/d4299135752/htdocs/laura/index.php on line 137
[23-Jul-2025 10:53:54 Europe/Berlin] DEBUG: Request URI después de basePath: /index.php
[23-Jul-2025 10:53:54 Europe/Berlin] DEBUG: Enrutando a index.php (principal).
[23-Jul-2025 10:53:54 Europe/Berlin] PHP Deprecated:  htmlspecialchars(): Passing null to parameter #1 ($string) of type string is deprecated in /homepages/21/d4299135752/htdocs/laura/index.php on line 137
[23-Jul-2025 10:53:54 Europe/Berlin] DEBUG: Request URI después de basePath: /index.php
[23-Jul-2025 10:53:54 Europe/Berlin] DEBUG: Enrutando a index.php (principal).
[23-Jul-2025 10:53:54 Europe/Berlin] PHP Deprecated:  htmlspecialchars(): Passing null to parameter #1 ($string) of type string is deprecated in /homepages/21/d4299135752/htdocs/laura/index.php on line 137
[23-Jul-2025 10:53:54 Europe/Berlin] DEBUG: Request URI después de basePath: /index.php
[23-Jul-2025 10:53:54 Europe/Berlin] DEBUG: Enrutando a index.php (principal).
[23-Jul-2025 10:53:54 Europe/Berlin] PHP Deprecated:  htmlspecialchars(): Passing null to parameter #1 ($string) of type string is deprecated in /homepages/21/d4299135752/htdocs/laura/index.php on line 137
[23-Jul-2025 10:53:54 Europe/Berlin] DEBUG: Request URI después de basePath: /index.php
[23-Jul-2025 10:53:54 Europe/Berlin] DEBUG: Enrutando a index.php (principal).
[23-Jul-2025 10:53:54 Europe/Berlin] PHP Deprecated:  htmlspecialchars(): Passing null to parameter #1 ($string) of type string is deprecated in /homepages/21/d4299135752/htdocs/laura/index.php on line 137
[23-Jul-2025 10:53:55 Europe/Berlin] DEBUG: Request URI después de basePath: /index.php
[23-Jul-2025 10:53:55 Europe/Berlin] DEBUG: Enrutando a index.php (principal).
[23-Jul-2025 10:53:55 Europe/Berlin] PHP Deprecated:  htmlspecialchars(): Passing null to parameter #1 ($string) of type string is deprecated in /homepages/21/d4299135752/htdocs/laura/index.php on line 137
[23-Jul-2025 10:53:55 Europe/Berlin] DEBUG: Request URI después de basePath: /index.php
[23-Jul-2025 10:53:55 Europe/Berlin] DEBUG: Enrutando a index.php (principal).
[23-Jul-2025 10:53:55 Europe/Berlin] PHP Deprecated:  htmlspecialchars(): Passing null to parameter #1 ($string) of type string is deprecated in /homepages/21/d4299135752/htdocs/laura/index.php on line 137
[23-Jul-2025 10:53:59 Europe/Berlin] DEBUG: Request URI después de basePath: /index.php
[23-Jul-2025 10:53:59 Europe/Berlin] DEBUG: Enrutando a index.php (principal).
[23-Jul-2025 10:53:59 Europe/Berlin] PHP Deprecated:  htmlspecialchars(): Passing null to parameter #1 ($string) of type string is deprecated in /homepages/21/d4299135752/htdocs/laura/index.php on line 137
[23-Jul-2025 10:54:02 Europe/Berlin] DEBUG: Request URI después de basePath: /index.php
[23-Jul-2025 10:54:02 Europe/Berlin] DEBUG: Enrutando a index.php (principal).
[23-Jul-2025 10:54:02 Europe/Berlin] PHP Deprecated:  htmlspecialchars(): Passing null to parameter #1 ($string) of type string is deprecated in /homepages/21/d4299135752/htdocs/laura/index.php on line 137
