Fecha: 2025-06-15 21:06:44
Para: correo@gmail.com
Asunto: Recuperación de contraseña
Mensaje:
Para restablecer tu contraseña, haz click en este enlace: http://localhost/ApiBiblioteca/admin//restablecer.php?token=fbeffe6ddc3b3fb0cd605c39d6aec0445c50d75a6bc1df9d63c1b9d74fd09090
__________________________________________

Fecha: 2025-07-02 13:13:19
Para: lauradeozdesign@gmail.com
Asunto: Verificación de cuenta
Mensaje:
Por favor, verifica tu cuenta haciendo clic en este enlace: http://localhost/ApiBiblioteca/admin//verificar.php?token=51cfaac022a7b343c197827fe432087b6b2e84a41f041762c7453ebdcc53b6bd
__________________________________________

Fecha: 2025-07-03 08:51:32
Para: correo@gmail.com
Asunto: Verificación de cuenta
Mensaje:
Por favor, verifica tu cuenta haciendo clic en este enlace: http://localhost/ApiBiblioteca/admin//verificar.php?token=b7bcd70f665dfea016672f6a159a726f34ae4a724665c0f13175e06fab855f03
__________________________________________

Fecha: 2025-07-03 13:12:45
Para: correo@gmail.com
Asunto: Recuperación de contraseña
Mensaje:
Para restablecer tu contraseña, haz click en este enlace: http://localhost/ApiBiblioteca/admin//restablecer.php?token=34c20926e9848cdc3fd8269748c862ddc6eda1b8cc3a82f29c1df365f9157fe9
__________________________________________

Fecha: 2025-07-03 13:16:03
Para: correo@gmail.com
Asunto: Recuperación de contraseña
Mensaje:
Para restablecer tu contraseña, haz click en este enlace: http://localhost/ApiBiblioteca/admin//restablecer.php?token=c4a10805bfd98a18ff5af90fe539af1afb61ffd6c7e5bca030868c9db5b28046
__________________________________________

Fecha: 2025-07-03 13:32:16
Para: correo@gmail.com
Asunto: Recuperación de contraseña
Mensaje:
Para restablecer tu contraseña, haz click en este enlace: http://localhost/ApiBiblioteca/admin//restablecer.php?token=83bd0cec7a11eb8b674e3c6fc66309496e9018f8a43fb3f1cefb33ede2a779d0
__________________________________________

Fecha: 2025-07-03 13:41:57
Para: lauradeozdesign@gmail.com
Asunto: Recuperación de contraseña
Mensaje:
Para restablecer tu contraseña, haz click en este enlace: http://localhost/ApiBiblioteca/admin//restablecer.php?token=ecdacc488ab5ce20daeeb05038a4485fed03bf2904f6a6d35213c8eef1ea1ac3
__________________________________________

Fecha: 2025-07-03 13:42:40
Para: lauradeozdesign@gmail.com
Asunto: Recuperación de contraseña
Mensaje:
Para restablecer tu contraseña, haz click en este enlace: http://localhost/ApiBiblioteca/admin//restablecer.php?token=45fc4e7989a4f6d7241d4a590cf52839739f2d7e92a355a0e51a888018f52784
__________________________________________

Fecha: 2025-07-03 13:44:49
Para: correo@gmail.com
Asunto: Recuperación de contraseña
Mensaje:
Para restablecer tu contraseña, haz click en este enlace: http://localhost/ApiBiblioteca/admin/restablecer.php?token=d318dfdea04065aaa8bc80fc3a66e1c49b5cd4b6e6eea74fb4b2c6d8ea9bc0e6
__________________________________________

Fecha: 2025-07-04 13:34:52
Para: lauradeozdesign@gmail.com
Asunto: Recuperación de contraseña
Mensaje:
Para restablecer tu contraseña, haz click en este enlace: http://www.alumnalaura.com/admin/restablecer.php?token=7b955c6a0ce2f84c2c3e85e03bfcefb622273fb2073ccc401dedadc7db1be3c2
__________________________________________

